<?xml version="1.0" encoding="UTF-8"?>
<!-- Generated by org.testng.reporters.JUnitXMLReporter -->
<testsuite hostname="WQ-20161118QVKS" name="TestLogin" tests="9" failures="0" timestamp="27 Mar 2017 04:39:30 GMT" time="168.183" errors="0">
  <testcase name="addTodoNameNull" time="10.013" classname="com.jay.testcases.TestAddTodo"/>
  <testcase name="addTodoSuccess" time="7.235" classname="com.jay.testcases.TestAddTodo"/>
  <testcase name="batchAddTodoSuccessB1" time="16.335" classname="com.jay.testcases.TestAddTodo"/>
  <testcase name="batchAddTodoSuccessB2" time="16.689" classname="com.jay.testcases.TestAddTodo"/>
  <testcase name="batchAddTodoSuccessB3" time="16.433" classname="com.jay.testcases.TestAddTodo"/>
  <testcase name="batchAddTodoSuccessC1" time="15.098" classname="com.jay.testcases.TestAddTodo"/>
  <testcase name="batchAddTodoSuccessC2" time="16.116" classname="com.jay.testcases.TestAddTodo"/>
  <testcase name="batchAddTodoSuccessC3" time="15.576" classname="com.jay.testcases.TestAddTodo"/>
  <testcase name="batchAddTodoSuccessC4" time="15.11" classname="com.jay.testcases.TestAddTodo"/>
</testsuite> <!-- TestLogin -->
