<?xml version="1.0" encoding="UTF-8"?>
<testsuite name="TestLogin"
           tests="4"
           failures="0"
           errors="0"
           skipped="1"
           time="18.175">
  <properties />
  
            <testcase name="loginSuccess" time="0.0" classname="com.jay.testcases.TestLogin">
          <skipped />
    </testcase>
  
            <testcase name="loginFail" time="5.538" classname="com.jay.testcases.TestLogin" />
                <testcase name="loginFail2" time="5.746" classname="com.jay.testcases.TestLogin" />
                <testcase name="loginSuccess" time="3.191" classname="com.jay.testcases.TestLogin" />
      
</testsuite>
